[12:31:42] [main/INFO]: Loading Minecraft 1.19.3 with Fabric Loader 0.14.13
[12:31:42] [main/INFO]: Loading 154 mods:
	- adventure-platform-fabric 5.6.0 via tabtps-fabric
	- appleskin 2.4.2+mc1.19.3
	- at_favre_lib_bcrypt 0.9.0 via easyauth
	- at_favre_lib_bytes 1.5.0 via easyauth
	- c2me 0.2.0+alpha.10.0
	- c2me-base 0.2.0+alpha.10.0 via c2me
	- c2me-fixes-chunkio-threading-issues 0.2.0+alpha.10.0 via c2me
	- c2me-fixes-general-threading-issues 0.2.0+alpha.10.0 via c2me
	- c2me-fixes-worldgen-threading-issues 0.2.0+alpha.10.0 via c2me
	- c2me-fixes-worldgen-vanilla-bugs 0.2.0+alpha.10.0 via c2me
	- c2me-notickvd 0.2.0+alpha.10.0 via c2me
	- c2me-opts-allocs 0.2.0+alpha.10.0 via c2me
	- c2me-opts-chunk-access 0.2.0+alpha.10.0 via c2me
	- c2me-opts-chunkio 0.2.0+alpha.10.0 via c2me
	- c2me-opts-math 0.2.0+alpha.10.0 via c2me
	- c2me-opts-scheduling 0.2.0+alpha.10.0 via c2me
	- c2me-opts-worldgen-general 0.2.0+alpha.10.0 via c2me
	- c2me-opts-worldgen-vanilla 0.2.0+alpha.10.0 via c2me
	- c2me-rewrites-chunkio 0.2.0+alpha.10.0 via c2me
	- c2me-server-utils 0.2.0+alpha.10.0 via c2me
	- c2me-threading-chunkio 0.2.0+alpha.10.0 via c2me
	- c2me-threading-lighting 0.2.0+alpha.10.0 via c2me
	- c2me-threading-scheduling 0.2.0+alpha.10.0 via c2me
	- c2me-threading-worldgen 0.2.0+alpha.10.0 via c2me
	- cloth-basic-math 0.6.1 via cloth-config
	- cloth-config 9.0.94 via appleskin
	- cloud 1.8.0-SNAPSHOT via tabtps-fabric
	- cloud_commandframework_cloud-brigadier_ 1.8.0-SNAPSHOT via cloud
	- cloud_commandframework_cloud-core_ 1.8.0-SNAPSHOT via cloud
	- cloud_commandframework_cloud-minecraft-extras 1.8.0-SNAPSHOT via tabtps-fabric
	- cloud_commandframework_cloud-services_ 1.8.0-SNAPSHOT via cloud
	- collective 6.43
	- com_electronwill_night-config_core 3.6.6 via couplings
	- com_electronwill_night-config_toml 3.6.6 via couplings
	- com_github_llamalad7_mixinextras 0.1.1 via servercore
	- com_ibm_async_asyncutil 0.1.0 via c2me
	- com_moandjiezana_toml_toml4j 0.7.2 via skinpls
	- com_typesafe_config 1.4.2 via tabtps-fabric
	- com_velocitypowered_velocity-native 3.1.2-SNAPSHOT via krypton
	- couplings 1.9.2+1.19.3
	- de_mkammerer_argon2-jvm 2.11 via easyauth
	- de_mkammerer_argon2-jvm-nolibs 2.11 via easyauth
	- delayedrespawn 1.4.0
	- easyauth 3.0.0-11
	- emotecraft 2.2.7-SNAPSHOT-build.46
	- fabric-api 0.73.0+1.19.3
	- fabric-api-base 0.4.20+afca2f3e85 via couplings
	- fabric-api-lookup-api-v1 1.6.19+49abcf7e85 via fabric-api
	- fabric-biome-api-v1 12.1.0+b5d379b085 via fabric-api
	- fabric-block-api-v1 1.0.4+e022e5d185 via fabric-api
	- fabric-command-api-v1 1.2.21+f71b366f85 via fabric-api
	- fabric-command-api-v2 2.2.0+3fc4752e85 via fabric-api
	- fabric-commands-v0 0.2.38+df3654b385 via fabric-api
	- fabric-containers-v0 0.1.46+df3654b385 via fabric-api
	- fabric-content-registries-v0 3.5.0+1d37d50285 via fabric-api
	- fabric-convention-tags-v1 1.2.1+8e4e694f85 via fabric-api
	- fabric-crash-report-info-v1 0.2.13+aeb40ebe85 via fabric-api
	- fabric-data-generation-api-v1 11.2.0+06937c4b85 via fabric-api
	- fabric-dimensions-v1 2.1.40+48349a3f85 via fabric-api
	- fabric-entity-events-v1 1.5.6+b83334a085 via fabric-api
	- fabric-events-interaction-v0 0.4.39+3baeb27a85 via fabric-api
	- fabric-events-lifecycle-v0 0.2.43+df3654b385 via fabric-api
	- fabric-game-rule-api-v1 1.0.29+99f9db8085 via fabric-api
	- fabric-item-api-v1 2.1.9+c3530bb185 via fabric-api
	- fabric-item-group-api-v1 2.1.11+1134c5b885 via fabric-api
	- fabric-language-kotlin 1.9.0+kotlin.1.8.0
	- fabric-lifecycle-events-v1 2.2.9+23a79c8a85 via fabric-api
	- fabric-loot-api-v2 1.1.19+75e9821185 via fabric-api
	- fabric-loot-tables-v1 1.1.23+9e7660c685 via fabric-api
	- fabric-message-api-v1 5.0.13+6ede1da985 via fabric-api
	- fabric-mining-level-api-v1 2.1.30+49abcf7e85 via fabric-api
	- fabric-networking-api-v1 1.2.16+4017a8cb85 via couplings
	- fabric-networking-v0 0.3.33+df3654b385 via fabric-api
	- fabric-object-builder-api-v1 5.4.0+eb2a3ba985 via fabric-api
	- fabric-particles-v1 1.0.19+f1e4495b85 via fabric-api
	- fabric-permissions-api-v0 0.2-SNAPSHOT via easyauth
	- fabric-recipe-api-v1 1.0.0+5176f73d85 via fabric-api
	- fabric-registry-sync-v0 2.0.4+1134c5b885 via fabric-api
	- fabric-rendering-data-attachment-v1 0.3.24+afca2f3e85 via fabric-api
	- fabric-rendering-fluids-v1 3.0.17+f1e4495b85 via fabric-api
	- fabric-resource-conditions-api-v1 2.2.2+1134c5b885 via fabric-api
	- fabric-resource-loader-v0 0.10.4+a91e48b785 via fabric-api
	- fabric-screen-handler-api-v1 1.3.12+99f9db8085 via fabric-api
	- fabric-transfer-api-v1 2.1.14+ccd377ba85 via fabric-api
	- fabric-transitive-access-wideners-v1 2.3.0+5b9a588b85 via fabric-api
	- fabricloader 0.14.13
	- fallingtree 3.11.2
	- fastload 2.6.11
	- ferritecore 5.1.0
	- immersive_paintings 0.4.4+1.19.3
	- io_leangen_geantyref_geantyref 1.3.13 via cloud
	- java 17
	- krypton 0.2.1
	- lazydfu 0.1.3
	- ledger 1.2.6
	- lithium 0.10.4
	- loyal_items_mr 1.0.0
	- memoryleakfix 1.19.3-0.7.0
	- mine_treasure_mr 1.1.5
	- minecraft 1.19.3
	- mob_captains_mr 1-v2.0.1
	- morediscs 1.19.3-27
	- mousewheelie 1.10.7+mc1.19.3
	- mysql_mysql-connector-java 8.0.29 via easyauth
	- net_java_dev_jna_jna 5.12.1 via easyauth
	- net_kyori_adventure-api 4.12.0 via adventure-platform-fabric
	- net_kyori_adventure-key 4.12.0 via adventure-platform-fabric
	- net_kyori_adventure-platform-api 4.1.2 via adventure-platform-fabric
	- net_kyori_adventure-serializer-configurate4 4.12.0 via tabtps-fabric
	- net_kyori_adventure-text-feature-pagination 4.0.0-SNAPSHOT via tabtps-fabric
	- net_kyori_adventure-text-logger-slf4j 4.12.0 via adventure-platform-fabric
	- net_kyori_adventure-text-minimessage 4.12.0 via adventure-platform-fabric
	- net_kyori_adventure-text-serializer-gson 4.12.0 via adventure-platform-fabric
	- net_kyori_adventure-text-serializer-legacy 4.12.0 via tabtps-fabric
	- net_kyori_adventure-text-serializer-plain 4.12.0 via adventure-platform-fabric
	- net_kyori_examination-api 1.3.0 via adventure-platform-fabric
	- net_kyori_examination-string 1.3.0 via adventure-platform-fabric
	- net_objecthunter_exp4j 0.4.8 via c2me
	- org_iq80_leveldb_leveldb 0.12 via easyauth
	- org_iq80_leveldb_leveldb-api 0.12 via easyauth
	- org_jetbrains_kotlin_kotlin-reflect 1.8.0 via fabric-language-kotlin
	- org_jetbrains_kotlin_kotlin-stdlib 1.8.0 via fabric-language-kotlin
	- org_jetbrains_kotlin_kotlin-stdlib-jdk7 1.8.0 via fabric-language-kotlin
	- org_jetbrains_kotlin_kotlin-stdlib-jdk8 1.8.0 via fabric-language-kotlin
	- org_jetbrains_kotlinx_atomicfu-jvm 0.18.5 via fabric-language-kotlin
	- org_jetbrains_kotlinx_kotlinx-coroutines-core-jvm 1.6.4 via fabric-language-kotlin
	- org_jetbrains_kotlinx_kotlinx-coroutines-jdk8 1.6.4 via fabric-language-kotlin
	- org_jetbrains_kotlinx_kotlinx-datetime-jvm 0.4.0 via fabric-language-kotlin
	- org_jetbrains_kotlinx_kotlinx-serialization-cbor-jvm 1.4.1 via fabric-language-kotlin
	- org_jetbrains_kotlinx_kotlinx-serialization-core-jvm 1.4.1 via fabric-language-kotlin
	- org_jetbrains_kotlinx_kotlinx-serialization-json-jvm 1.4.1 via fabric-language-kotlin
	- org_mongodb_bson 4.7.0 via easyauth
	- org_mongodb_mongodb-driver-core 4.7.0 via easyauth
	- org_mongodb_mongodb-driver-sync 4.7.0 via easyauth
	- org_spongepowered_configurate-core 4.1.2 via tabtps-fabric
	- org_spongepowered_configurate-hocon 4.1.2 via tabtps-fabric
	- org_threadly_threadly 7.0 via c2me
	- packet_tweaker 0.3.0+1.18.2 via server_translations_api
	- placeholder-api 2.0.0-pre.2+1.19.3 via easyauth
	- plasmo_voice 1.2.19
	- player-animator 0.4.1+1.19.3 via emotecraft
	- player_headsdrop_mr 1.6
	- server_translations_api 1.4.19+1.19.3 via easyauth
	- servercore 1.3.4-1.19.3
	- serversleep_mr 1-datapack
	- skinpls 1.1
	- smoothboot 1.19-1.7.1
	- starlight 1.1.1+fabric.ae22326
	- tabtps-fabric 1.3.16
	- tweed4_annotated 1.3.1+mc1.19.3 via mousewheelie
	- tweed4_base 1.7.1+mc1.19.3 via mousewheelie
	- tweed4_data 1.2.1+mc1.19.3 via mousewheelie
	- tweed4_data_hjson 1.1.1+mc1.19.3 via mousewheelie
	- vmp 0.2.0+beta.7.43
[12:31:43] [main/INFO]: SpongePowered MIXIN Subsystem Version=0.8.5 Source=file:/C:/Users/dgabo/OneDrive/Рабочий%20стол/customserver/libraries/net/fabricmc/sponge-mixin/0.11.4+mixin.0.8.5/sponge-mixin-0.11.4+mixin.0.8.5.jar Service=Knot/Fabric Env=SERVER
[12:31:43] [main/INFO]: Compatibility level set to JAVA_17
[12:31:43] [main/INFO]: Initializing com.ishland.c2me.base.mixin
[12:31:43] [main/INFO]: Initializing com.ishland.c2me.fixes.chunkio.threading_issues.mixin
[12:31:43] [main/INFO]: Initializing com.ishland.c2me.fixes.general.threading_issues.mixin
[12:31:43] [main/INFO]: Initializing com.ishland.c2me.fixes.worldgen.threading_issues.mixin
[12:31:43] [main/INFO]: Initializing com.ishland.c2me.fixes.worldgen.vanilla_bugs.mixin
[12:31:43] [main/INFO]: Initializing com.ishland.c2me.notickvd.mixin
[12:31:43] [main/INFO]: Initializing com.ishland.c2me.opts.allocs.mixin
[12:31:43] [main/INFO]: Initializing com.ishland.c2me.opts.chunk_access.mixin
[12:31:43] [main/INFO]: Initializing com.ishland.c2me.opts.chunkio.mixin
[12:31:43] [main/INFO]: Initializing com.ishland.c2me.opts.math.mixin
[12:31:43] [main/INFO]: Initializing com.ishland.c2me.opts.scheduling.mixin
[12:31:43] [main/INFO]: Initializing com.ishland.c2me.opts.worldgen.general.mixin
[12:31:43] [main/INFO]: Initializing com.ishland.c2me.opts.worldgen.vanilla.mixin
[12:31:43] [main/INFO]: Initializing com.ishland.c2me.rewrites.chunkio.mixin
[12:31:43] [main/INFO]: Disabling com.ishland.c2me.rewrites.chunkio.mixin
[12:31:43] [main/INFO]: Initializing com.ishland.c2me.server.utils.mixin
[12:31:43] [main/INFO]: Initializing com.ishland.c2me.threading.chunkio.mixin
[12:31:43] [main/INFO]: Initializing com.ishland.c2me.threading.lighting.mixin
[12:31:43] [main/INFO]: Initializing com.ishland.c2me.threading.scheduling.mixin
[12:31:43] [main/INFO]: Initializing com.ishland.c2me.threading.worldgen.mixin
[12:31:43] [main/WARN]: Reference map 'immersive_paintings-common-refmap.json' for immersive_paintings.mixin.json could not be read. If this is a development environment you can ignore this message
[12:31:43] [main/INFO]: Loaded configuration file for Lithium: 106 options available, 3 override(s) found
[12:31:43] [main/WARN]: Reference map 'morediscs-refmap.json' for morediscs.mixins.json could not be read. If this is a development environment you can ignore this message
[12:31:43] [main/WARN]: Reference map 'plasmovoice-fabric-refmap.json' for plasmovoice.mixins.json could not be read. If this is a development environment you can ignore this message
[12:31:43] [main/INFO]: [ServerCore] Loading...
[12:31:43] [main/INFO]: Successfully started async appender with [ServerGuiConsole, SysOut, File]
[12:31:43] [main/WARN]: Mixin malte0811.ferritecore.mixin.threaddetec.PalettedContainerMixin is disabled automatically as lithium is installed
[12:31:44] [main/WARN]: Force-disabling mixin 'alloc.blockstate.StateMixin' as rule 'mixin.alloc.blockstate' (added by mods [ferritecore]) disables it and children
[12:31:44] [main/WARN]: Force-disabling mixin 'alloc.chunk_ticking.ServerChunkManagerMixin' as rule 'mixin.alloc.chunk_ticking' (added by mods [servercore]) disables it and children
[12:31:44] [main/WARN]: Force-disabling mixin 'world.player_chunk_tick.ThreadedAnvilChunkStorageMixin' as rule 'mixin.world.player_chunk_tick' (added by mods [c2me, krypton, vmp]) disables it and children
[12:31:44] [main/INFO]: Smooth Boot config initialized
[12:31:49] [main/INFO]: Building unoptimized datafixer
[12:31:50] [main/INFO]: Loading Collective version 6.43.
[12:31:51] [main/INFO]: EasyAuth mod by samo_lego, NikitaCartes.
[12:31:51] [main/INFO]: DEBUG: FALSE
[12:31:51] [main/INFO]: PREGEN_CHUNK_RADIUS: 1
[12:31:51] [main/INFO]: PREGEN_CHUNK_AREA: 9
[12:31:51] [main/ERROR]: No data fixer registered for immersive_paintings:painting
[12:31:51] [main/ERROR]: No data fixer registered for immersive_paintings:glow_painting
[12:31:51] [main/INFO]: Compression will use Java, encryption will use Java
[12:31:52] [main/INFO]: Done initializing TabTPS.
[12:31:52] [main/INFO]: [STDOUT]: Raknetify: Warning: net.minecraft.class_2635 not found for raknet multi-channel
[12:31:52] [main/INFO]: [STDOUT]: Raknetify: Warning: net.minecraft.class_7519 not found for raknet multi-channel
[12:31:52] [main/INFO]: [STDOUT]: Raknetify: Warning: net.minecraft.class_7494 not found for raknet multi-channel
[12:31:52] [main/INFO]: [STDOUT]: Raknetify: Warning: net.minecraft.class_7618 not found for raknet multi-channel
[12:31:52] [main/INFO]: [STDOUT]: Raknetify: Warning: net.minecraft.class_7496 not found for raknet multi-channel
[12:31:52] [main/INFO]: [STDOUT]: Raknetify: Warning: net.minecraft.class_2755 not found for raknet multi-channel
[12:31:52] [main/INFO]: [STDOUT]: Raknetify: Warning: net.minecraft.class_2762 not found for raknet multi-channel
[12:31:52] [main/INFO]: [STDOUT]: Raknetify: Warning: net.minecraft.class_2610 not found for raknet multi-channel
[12:31:52] [main/INFO]: [STDOUT]: Raknetify: Warning: net.minecraft.class_2612 not found for raknet multi-channel
[12:31:52] [main/INFO]: [STDOUT]: Raknetify: Warning: net.minecraft.class_2698 not found for raknet multi-channel
[12:31:52] [main/INFO]: [STDOUT]: Raknetify: Warning: net.minecraft.class_2809 not found for raknet multi-channel
[12:31:52] [main/INFO]: [STDOUT]: Raknetify: Warning: net.minecraft.class_2644 not found for raknet multi-channel
[12:31:52] [main/INFO]: [STDOUT]: Raknetify: Warning: net.minecraft.class_2730 not found for raknet multi-channel
[12:31:52] [main/INFO]: [STDOUT]: Raknetify: Warning: net.minecraft.class_2660 not found for raknet multi-channel
[12:31:52] [main/INFO]: [STDOUT]: Raknetify: Warning: net.minecraft.class_5747 not found for raknet multi-channel
[12:31:52] [main/INFO]: Initialized Delayed Respawn version 1.4.0
[12:31:52] [main/INFO]: Krypton is now accelerating your Minecraft server's networking stack ?
[12:31:52] [main/INFO]: Initializing Ledger 1.2.6
[12:31:53] [main/INFO]: Reloaded configs for mousewheelie (server/highest)
[12:31:53] [main/INFO]: Environment: authHost='https://authserver.mojang.com', accountsHost='https://api.mojang.com', sessionHost='https://sessionserver.mojang.com', servicesHost='https://api.minecraftservices.com', name='PROD'
[12:31:56] [main/INFO]: Loaded 7 recipes
[12:31:56] [main/INFO]: Loaded 1573 advancements
[12:31:56] [ForkJoinPool.commonPool-worker-1/INFO]: Loaded 5901 translation keys
[12:31:56] [main/INFO]: Reloaded configs for mousewheelie (server/smallest)
[12:31:56] [main/INFO]: Applied 0 biome modifications to 0 of 63 new biomes in 1.961 ms
[12:31:57] [Server thread/INFO]: Preparing create tables statements took 18ms
[12:31:57] [Server thread/INFO]: Executing create tables statements took 16ms
[12:31:57] [Server thread/INFO]: Extracting table columns took 6ms
[12:31:57] [Server thread/INFO]: Preparing alter table statements took 7ms
[12:31:57] [Server thread/INFO]: Executing alter table statements took 0ms
[12:31:57] [Server thread/INFO]: Index on table 'players' differs only in name: in db players_player_id -> in mapping players_player_id_unique
[12:31:57] [Server thread/INFO]: Index on table 'ActionIdentifiers' differs only in name: in db ActionIdentifiers_action_identifier -> in mapping ActionIdentifiers_action_identifier_unique
[12:31:57] [Server thread/INFO]: Index on table 'ObjectIdentifiers' differs only in name: in db ObjectIdentifiers_identifier -> in mapping ObjectIdentifiers_identifier_unique
[12:31:57] [Server thread/INFO]: Index on table 'sources' differs only in name: in db sources_name -> in mapping sources_name_unique
[12:31:57] [Server thread/INFO]: Index on table 'worlds' differs only in name: in db worlds_identifier -> in mapping worlds_identifier_unique
[12:31:57] [Server thread/INFO]: Checking mapping consistence took 121ms
[12:31:57] [Server thread/INFO]: Tables created
[12:31:57] [DefaultDispatcher-worker-3/INFO]: Inserting 1507 registry keys into the database...
[12:31:57] [Server thread/ERROR]: Registry 'tweed4:tailors' was empty after loading
[12:31:57] [Server thread/INFO]: Starting minecraft server version 1.19.3
[12:31:57] [Server thread/INFO]: Loading properties
[12:31:57] [Server thread/INFO]: Default game type: SURVIVAL
[12:31:57] [Server thread/INFO]: Generating keypair
[12:31:57] [Server thread/INFO]: Starting Minecraft server on *:25565
[12:31:57] [Server thread/INFO]: Using default channel type
[12:31:57] [Server thread/WARN]: **** SERVER IS RUNNING IN OFFLINE/INSECURE MODE!
[12:31:57] [Server thread/WARN]: The server will make no attempt to authenticate usernames. Beware.
[12:31:57] [Server thread/WARN]: While this makes the game possible to play without internet access, it also opens up the ability for hackers to connect with any username they choose.
[12:31:57] [Server thread/WARN]: To change this, set "online-mode" to "true" in the server.properties file.
[12:31:57] [Server thread/INFO]: Preparing level "world"
[12:31:58] [Server thread/INFO]: Changing watch distance to 11
[12:31:58] [Server thread/INFO]: Changing watch distance to 11
[12:31:58] [Server thread/INFO]: Changing watch distance to 11
[12:31:58] [Server thread/INFO]: Preparing start region for dimension minecraft:overworld
[12:31:59] [DefaultDispatcher-worker-4/INFO]: Registry insert complete
[12:31:59] [C2ME worker #1/INFO]: Preparing spawn area: 0%
[12:31:59] [C2ME worker #1/INFO]: Preparing spawn area: 0%
[12:31:59] [C2ME worker #1/INFO]: Preparing spawn area: 0%
[12:32:00] [Server thread/INFO]: Time elapsed: 1149 ms
[12:32:00] [Server thread/INFO]: [MemoryLeakFix] Attempting to ForceLoad All Mixins and clear cache
[12:32:00] [Server thread/INFO]: [MemoryLeakFix] Done ForceLoad and clearing SpongePowered cache
[12:32:00] [Server thread/INFO]: Done (2.701s)! For help, type "help"
[12:32:00] [Thread-34/INFO]: Voice UDP server started on /0.0.0.0:25565
[12:32:00] [Server thread/INFO]: Reloaded configs for mousewheelie (server/world)
[12:39:21] [Server thread/INFO]: Stopping the server
[12:39:21] [Thread-34/INFO]: Voice UDP server stopped
[12:39:21] [Server thread/INFO]: Stopping server
[12:39:21] [Server thread/INFO]: Saving players
[12:39:21] [Server thread/INFO]: Saving worlds
[12:39:21] [Server thread/INFO]: Saving chunks for level 'ServerLevel[world]'/minecraft:overworld
[12:39:22] [Server thread/INFO]: Saving chunks for level 'ServerLevel[world]'/minecraft:the_end
[12:39:22] [Server thread/INFO]: Saving chunks for level 'ServerLevel[world]'/minecraft:the_nether
[12:39:22] [Server thread/INFO]: ThreadedAnvilChunkStorage (world): All chunks are saved
[12:39:22] [Server thread/INFO]: ThreadedAnvilChunkStorage (DIM1): All chunks are saved
[12:39:22] [Server thread/INFO]: ThreadedAnvilChunkStorage (DIM-1): All chunks are saved
[12:39:22] [Server thread/INFO]: ThreadedAnvilChunkStorage: All dimensions are saved
[12:39:22] [Server thread/INFO]: Shutting down EasyAuth.
[12:39:22] [Server thread/INFO]: Database connection closed successfully
